2024-07-25 18:35:40|DEBUG|/home/lighthouse/Projects/gin_example/main.go:23|ping request
2024-07-25 18:35:40|INFO|200|    243.505µs|117.114.144.228|GET /ping 

2024-07-25 18:36:51|DEBUG|/home/lighthouse/Projects/gin_example/main.go:23|ping request
2024-07-25 18:36:51|INFO|/ping|GET|200|    192.175µs|117.114.144.228|

2024-07-25 18:37:06|DEBUG|/home/lighthouse/Projects/gin_example/main.go:23|ping request
2024-07-25 18:37:06|INFO|/ping|GET|200|    193.397µs|117.114.144.228|

2024-07-25 18:37:25|DEBUG|/home/lighthouse/Projects/gin_example/main.go:23|ping request
2024-07-25 18:37:25|INFO|/ping|GET|200|202.798µs|117.114.144.228|

2024-07-25 18:38:30|DEBUG|/home/lighthouse/Projects/gin_example/main.go:23|ping request
2024-07-25 18:38:30|INFO|API|/ping|GET|200|205.384µs|117.114.144.228|

2024-07-25 18:39:30|DEBUG|/home/lighthouse/Projects/gin_example/main.go:23|ping request
2024-07-25 18:39:30|ERROR|[Recovery from panic]{error 15 0 this is a panic <nil>} {request 15 0 GET /ping HTTP/1.1
Host: 101.42.23.128:8080
Accept: */*
Accept-Encoding: gzip, deflate, br
App: app
Connection: keep-alive
Content-Length: 57
Content-Type: application/json
Nonce: sXMZNGAMJN7BcdAR
Postman-Token: 4f8145b5-d4c5-469d-9ce8-e90ccda5298b
Sign: 0b7f2cf1a0f2b5fcf75e1bc45eaa05de
Ts: 1721903970
User-Agent: PostmanRuntime/7.40.0

 <nil>} {stack 15 0 goroutine 6 [running]:
runtime/debug.Stack()
	/usr/local/go/src/runtime/debug/stack.go:24 +0x5e
main.main.GinRecovery.func3.1()
	/home/lighthouse/Projects/gin_example/middleware/log/log.go:184 +0x4a5
panic({0x7f6560?, 0x940fc0?})
	/usr/local/go/src/runtime/panic.go:770 +0x132
main.main.func1(0xc0000c35b8?)
	/home/lighthouse/Projects/gin_example/main.go:24 +0x70
github.com/gin-gonic/gin.(*Context).Next(0xc00042a200)
	/opt/go/pkg/mod/github.com/gin-gonic/gin@v1.10.0/context.go:185 +0x2b
main.main.GinRecovery.func3(0xc0000c35e0?)
	/home/lighthouse/Projects/gin_example/middleware/log/log.go:195 +0x52
github.com/gin-gonic/gin.(*Context).Next(0xc00042a200)
	/opt/go/pkg/mod/github.com/gin-gonic/gin@v1.10.0/context.go:185 +0x2b
main.main.GinLogger.func2(0xc00042a200)
	/home/lighthouse/Projects/gin_example/middleware/log/log.go:111 +0x8a
github.com/gin-gonic/gin.(*Context).Next(...)
	/opt/go/pkg/mod/github.com/gin-gonic/gin@v1.10.0/context.go:185
github.com/gin-gonic/gin.CustomRecoveryWithWriter.func1(0xc00042a200)
	/opt/go/pkg/mod/github.com/gin-gonic/gin@v1.10.0/recovery.go:102 +0x7a
github.com/gin-gonic/gin.(*Context).Next(...)
	/opt/go/pkg/mod/github.com/gin-gonic/gin@v1.10.0/context.go:185
github.com/gin-gonic/gin.LoggerWithConfig.func1(0xc00042a200)
	/opt/go/pkg/mod/github.com/gin-gonic/gin@v1.10.0/logger.go:249 +0xe5
github.com/gin-gonic/gin.(*Context).Next(...)
	/opt/go/pkg/mod/github.com/gin-gonic/gin@v1.10.0/context.go:185
github.com/gin-gonic/gin.(*Engine).handleHTTPRequest(0xc0000cda00, 0xc00042a200)
	/opt/go/pkg/mod/github.com/gin-gonic/gin@v1.10.0/gin.go:633 +0x892
github.com/gin-gonic/gin.(*Engine).ServeHTTP(0xc0000cda00, {0x9464f0, 0xc000428000}, 0xc00036a7e0)
	/opt/go/pkg/mod/github.com/gin-gonic/gin@v1.10.0/gin.go:589 +0x1b2
net/http.serverHandler.ServeHTTP({0x9450e0?}, {0x9464f0?, 0xc000428000?}, 0x6?)
	/usr/local/go/src/net/http/server.go:3137 +0x8e
net/http.(*conn).serve(0xc0000e2870, {0x946ec0, 0xc0003878c0})
	/usr/local/go/src/net/http/server.go:2039 +0x5e8
created by net/http.(*Server).Serve in goroutine 1
	/usr/local/go/src/net/http/server.go:3285 +0x4b4
 <nil>}
2024-07-25 18:39:30|INFO|API|/ping|GET|500|373.402µs|117.114.144.228|

2024-07-25 18:40:47|DEBUG|/home/lighthouse/Projects/gin_example/main.go:22|ping request
2024-07-25 18:40:47|INFO|API|/ping|GET|200|232.954µs|117.114.144.228|

